<?xml version="1.0" encoding="UTF-8"?>
<!-- Generated by org.testng.reporters.JUnitXMLReporter -->
<testsuite ignored="5" hostname="LAPTOP-5OG2MH5D" failures="5" tests="36" name="Surefire test" time="88.13" errors="0" timestamp="2024-09-14T12:59:25 IST">
  <testcase classname="dataProviderInTestng.TestFireDataUser" name="Login" time="5.601"/>
  <testcase classname="dataProviderInTestng.TestFireDataUser" name="Login" time="5.708">
    <failure type="org.openqa.selenium.NoSuchElementException" message="no such element: Unable to locate element: {&amp;quot;method&amp;quot;:&amp;quot;xpath&amp;quot;,&amp;quot;selector&amp;quot;:&amp;quot;//font[text()=&amp;apos;Sign Off&amp;apos;]&amp;quot;}
  (Session info: chrome=128.0.6613.138)
For documentation on this error, please visit: https://www.selenium.dev/documentation/webdriver/troubleshooting/errors#no-such-element-exception
Build info: version: &amp;apos;4.22.0&amp;apos;, revision: &amp;apos;c5f3146703*&amp;apos;
System info: os.name: &amp;apos;Windows 11&amp;apos;, os.arch: &amp;apos;amd64&amp;apos;, os.version: &amp;apos;10.0&amp;apos;, java.version: &amp;apos;11.0.21&amp;apos;
Driver info: org.openqa.selenium.chrome.ChromeDriver
Command: [0354915c2ca2bf97503448252d8adbb5, findElement {using=xpath, value=//font[text()=&amp;apos;Sign Off&amp;apos;]}]
Capabilities {acceptInsecureCerts: false, browserName: chrome, browserVersion: 128.0.6613.138, chrome: {chromedriverVersion: 128.0.6613.137 (fe621c5aa2d..., userDataDir: C:\WINDOWS\SystemTemp\scope...}, fedcm:accounts: true, goog:chromeOptions: {debuggerAddress: localhost:58651}, networkConnectionEnabled: false, pageLoadStrategy: normal, platformName: windows, proxy: Proxy(), se:cdp: ws://localhost:58651/devtoo..., se:cdpVersion: 128.0.6613.138, setWindowRect: true, strictFileInteractability: false, timeouts: {implicit: 0, pageLoad: 300000, script: 30000}, unhandledPromptBehavior: dismiss and notify, webauthn:extension:credBlob: true, webauthn:extension:largeBlob: true, webauthn:extension:minPinLength: true, webauthn:extension:prf: true, webauthn:virtualAuthenticators: true}
Session ID: 0354915c2ca2bf97503448252d8adbb5">
      <![CDATA[org.openqa.selenium.NoSuchElementException: no such element: Unable to locate element: {"method":"xpath","selector":"//font[text()='Sign Off']"}
  (Session info: chrome=128.0.6613.138)
For documentation on this error, please visit: https://www.selenium.dev/documentation/webdriver/troubleshooting/errors#no-such-element-exception
Build info: version: '4.22.0', revision: 'c5f3146703*'
System info: os.name: 'Windows 11', os.arch: 'amd64', os.version: '10.0', java.version: '11.0.21'
Driver info: org.openqa.selenium.chrome.ChromeDriver
Command: [0354915c2ca2bf97503448252d8adbb5, findElement {using=xpath, value=//font[text()='Sign Off']}]
Capabilities {acceptInsecureCerts: false, browserName: chrome, browserVersion: 128.0.6613.138, chrome: {chromedriverVersion: 128.0.6613.137 (fe621c5aa2d..., userDataDir: C:\WINDOWS\SystemTemp\scope...}, fedcm:accounts: true, goog:chromeOptions: {debuggerAddress: localhost:58651}, networkConnectionEnabled: false, pageLoadStrategy: normal, platformName: windows, proxy: Proxy(), se:cdp: ws://localhost:58651/devtoo..., se:cdpVersion: 128.0.6613.138, setWindowRect: true, strictFileInteractability: false, timeouts: {implicit: 0, pageLoad: 300000, script: 30000}, unhandledPromptBehavior: dismiss and notify, webauthn:extension:credBlob: true, webauthn:extension:largeBlob: true, webauthn:extension:minPinLength: true, webauthn:extension:prf: true, webauthn:virtualAuthenticators: true}
Session ID: 0354915c2ca2bf97503448252d8adbb5
at org.openqa.selenium.remote.ErrorCodec.decode(ErrorCodec.java:167)
at org.openqa.selenium.remote.codec.w3c.W3CHttpResponseCodec.decode(W3CHttpResponseCodec.java:138)
at org.openqa.selenium.remote.codec.w3c.W3CHttpResponseCodec.decode(W3CHttpResponseCodec.java:50)
at org.openqa.selenium.remote.HttpCommandExecutor.execute(HttpCommandExecutor.java:190)
at org.openqa.selenium.remote.service.DriverCommandExecutor.invokeExecute(DriverCommandExecutor.java:216)
at org.openqa.selenium.remote.service.DriverCommandExecutor.execute(DriverCommandExecutor.java:174)
at org.openqa.selenium.remote.RemoteWebDriver.execute(RemoteWebDriver.java:518)
at org.openqa.selenium.remote.ElementLocation$ElementFinder$2.findElement(ElementLocation.java:165)
at org.openqa.selenium.remote.ElementLocation.findElement(ElementLocation.java:59)
at org.openqa.selenium.remote.RemoteWebDriver.findElement(RemoteWebDriver.java:355)
at org.openqa.selenium.remote.RemoteWebDriver.findElement(RemoteWebDriver.java:349)
at dataProviderInTestng.TestFireDataUser.Login(TestFireDataUser.java:23)
at java.base/java.util.concurrent.FutureTask.run(FutureTask.java:264)
at java.base/java.util.concurrent.Executors$RunnableAdapter.call(Executors.java:515)
at java.base/java.util.concurrent.FutureTask.run(FutureTask.java:264)
at java.base/java.util.concurrent.ThreadPoolExecutor.runWorker(ThreadPoolExecutor.java:1128)
at java.base/java.util.concurrent.ThreadPoolExecutor$Worker.run(ThreadPoolExecutor.java:628)
at java.base/java.lang.Thread.run(Thread.java:834)
... Removed 13 stack frames]]>
    </failure>
  </testcase> <!-- Login -->
  <testcase classname="dataProviderInTestng.TestFireDataUser" name="Login" time="5.716">
    <failure type="org.openqa.selenium.NoSuchElementException" message="no such element: Unable to locate element: {&amp;quot;method&amp;quot;:&amp;quot;xpath&amp;quot;,&amp;quot;selector&amp;quot;:&amp;quot;//font[text()=&amp;apos;Sign Off&amp;apos;]&amp;quot;}
  (Session info: chrome=128.0.6613.138)
For documentation on this error, please visit: https://www.selenium.dev/documentation/webdriver/troubleshooting/errors#no-such-element-exception
Build info: version: &amp;apos;4.22.0&amp;apos;, revision: &amp;apos;c5f3146703*&amp;apos;
System info: os.name: &amp;apos;Windows 11&amp;apos;, os.arch: &amp;apos;amd64&amp;apos;, os.version: &amp;apos;10.0&amp;apos;, java.version: &amp;apos;11.0.21&amp;apos;
Driver info: org.openqa.selenium.chrome.ChromeDriver
Command: [6935ccb5d68c7b23d7fe03dfdd387ea9, findElement {using=xpath, value=//font[text()=&amp;apos;Sign Off&amp;apos;]}]
Capabilities {acceptInsecureCerts: false, browserName: chrome, browserVersion: 128.0.6613.138, chrome: {chromedriverVersion: 128.0.6613.137 (fe621c5aa2d..., userDataDir: C:\WINDOWS\SystemTemp\scope...}, fedcm:accounts: true, goog:chromeOptions: {debuggerAddress: localhost:58652}, networkConnectionEnabled: false, pageLoadStrategy: normal, platformName: windows, proxy: Proxy(), se:cdp: ws://localhost:58652/devtoo..., se:cdpVersion: 128.0.6613.138, setWindowRect: true, strictFileInteractability: false, timeouts: {implicit: 0, pageLoad: 300000, script: 30000}, unhandledPromptBehavior: dismiss and notify, webauthn:extension:credBlob: true, webauthn:extension:largeBlob: true, webauthn:extension:minPinLength: true, webauthn:extension:prf: true, webauthn:virtualAuthenticators: true}
Session ID: 6935ccb5d68c7b23d7fe03dfdd387ea9">
      <![CDATA[org.openqa.selenium.NoSuchElementException: no such element: Unable to locate element: {"method":"xpath","selector":"//font[text()='Sign Off']"}
  (Session info: chrome=128.0.6613.138)
For documentation on this error, please visit: https://www.selenium.dev/documentation/webdriver/troubleshooting/errors#no-such-element-exception
Build info: version: '4.22.0', revision: 'c5f3146703*'
System info: os.name: 'Windows 11', os.arch: 'amd64', os.version: '10.0', java.version: '11.0.21'
Driver info: org.openqa.selenium.chrome.ChromeDriver
Command: [6935ccb5d68c7b23d7fe03dfdd387ea9, findElement {using=xpath, value=//font[text()='Sign Off']}]
Capabilities {acceptInsecureCerts: false, browserName: chrome, browserVersion: 128.0.6613.138, chrome: {chromedriverVersion: 128.0.6613.137 (fe621c5aa2d..., userDataDir: C:\WINDOWS\SystemTemp\scope...}, fedcm:accounts: true, goog:chromeOptions: {debuggerAddress: localhost:58652}, networkConnectionEnabled: false, pageLoadStrategy: normal, platformName: windows, proxy: Proxy(), se:cdp: ws://localhost:58652/devtoo..., se:cdpVersion: 128.0.6613.138, setWindowRect: true, strictFileInteractability: false, timeouts: {implicit: 0, pageLoad: 300000, script: 30000}, unhandledPromptBehavior: dismiss and notify, webauthn:extension:credBlob: true, webauthn:extension:largeBlob: true, webauthn:extension:minPinLength: true, webauthn:extension:prf: true, webauthn:virtualAuthenticators: true}
Session ID: 6935ccb5d68c7b23d7fe03dfdd387ea9
at org.openqa.selenium.remote.ErrorCodec.decode(ErrorCodec.java:167)
at org.openqa.selenium.remote.codec.w3c.W3CHttpResponseCodec.decode(W3CHttpResponseCodec.java:138)
at org.openqa.selenium.remote.codec.w3c.W3CHttpResponseCodec.decode(W3CHttpResponseCodec.java:50)
at org.openqa.selenium.remote.HttpCommandExecutor.execute(HttpCommandExecutor.java:190)
at org.openqa.selenium.remote.service.DriverCommandExecutor.invokeExecute(DriverCommandExecutor.java:216)
at org.openqa.selenium.remote.service.DriverCommandExecutor.execute(DriverCommandExecutor.java:174)
at org.openqa.selenium.remote.RemoteWebDriver.execute(RemoteWebDriver.java:518)
at org.openqa.selenium.remote.ElementLocation$ElementFinder$2.findElement(ElementLocation.java:165)
at org.openqa.selenium.remote.ElementLocation.findElement(ElementLocation.java:59)
at org.openqa.selenium.remote.RemoteWebDriver.findElement(RemoteWebDriver.java:355)
at org.openqa.selenium.remote.RemoteWebDriver.findElement(RemoteWebDriver.java:349)
at dataProviderInTestng.TestFireDataUser.Login(TestFireDataUser.java:23)
at java.base/java.util.concurrent.FutureTask.run(FutureTask.java:264)
at java.base/java.util.concurrent.Executors$RunnableAdapter.call(Executors.java:515)
at java.base/java.util.concurrent.FutureTask.run(FutureTask.java:264)
at java.base/java.util.concurrent.ThreadPoolExecutor.runWorker(ThreadPoolExecutor.java:1128)
at java.base/java.util.concurrent.ThreadPoolExecutor$Worker.run(ThreadPoolExecutor.java:628)
at java.base/java.lang.Thread.run(Thread.java:834)
... Removed 13 stack frames]]>
    </failure>
  </testcase> <!-- Login -->
  <testcase classname="dataProviderInTestng.TestFireDataUserWithExcel" name="Login" time="5.178"/>
  <testcase classname="dataProviderInTestng.TestFireDataUserWithExcel" name="Login" time="5.743"/>
  <testcase classname="dataProviderInTestng.TestFireDataUserWithExcel" name="Login" time="5.564"/>
  <testcase classname="dataProviderInTestng.TestFireDataUserWithExcel" name="Login" time="5.64"/>
  <testcase classname="dependencyInTestng.ShipmentTest" name="createShipment" time="0.0"/>
  <testcase classname="dependencyInTestng.ShipmentTest" name="trackShipment" time="0.0">
    <failure type="java.lang.ArithmeticException" message="/ by zero">
      <![CDATA[java.lang.ArithmeticException: / by zero
at dependencyInTestng.ShipmentTest.trackShipment(ShipmentTest.java:16)
at java.base/java.util.ArrayList.forEach(ArrayList.java:1541)
... Removed 32 stack frames]]>
    </failure>
  </testcase> <!-- trackShipment -->
  <testcase classname="dependencyInTestng.ShipmentTest" name="cancelShipment" time="0.0">
    <skipped/>
  </testcase> <!-- cancelShipment -->
  <testcase classname="enableDesableInTestng.Test1" name="TC001" time="0.0"/>
  <testcase classname="enableDesableInTestng.Test1" name="TC002" time="0.0"/>
  <testcase classname="enableDesableInTestng.Test1" name="TC004" time="0.0"/>
  <testcase classname="enableDesableInTestng.Test1" name="TC005" time="0.0"/>
  <testcase classname="enableDesableInTestng.Test2" name="TC007" time="0.0"/>
  <testcase classname="enableDesableInTestng.Test2" name="TC009" time="0.0"/>
  <testcase classname="enableDesableInTestng.Test2" name="TC010" time="0.0"/>
  <testcase classname="extentReport.ExtentReportTest" name="extentTest" time="0.733"/>
  <testcase classname="ignoreInTestng.IgnoreInTest" name="TC001" time="0.0"/>
  <testcase classname="ignoreInTestng.IgnoreInTest" name="TC003" time="0.004"/>
  <testcase classname="ignoreInTestng.IgnoreInTest" name="TC004" time="0.0"/>
  <testcase classname="ignoreInTestng.ScenarioTest" name="frame" time="14.238"/>
  <testcase classname="ignoreInTestng.ScenarioTest" name="scroll" time="3.564"/>
  <testcase classname="ignoreInTestng.ScenarioTest" name="windowhandle" time="7.419"/>
  <testcase classname="listenerInTestng.TestClass" name="Test1" time="0.0"/>
  <testcase classname="listenerInTestng.TestClass" name="Test2" time="0.002"/>
  <testcase classname="listenerInTestng.TestClass" name="Test3" time="0.216">
    <failure type="org.testng.internal.thread.ThreadTimeoutException" message="Method listenerInTestng.TestClass.Test3() didn&amp;apos;t finish within the time-out 200">
      <![CDATA[org.testng.internal.thread.ThreadTimeoutException: Method listenerInTestng.TestClass.Test3() didn't finish within the time-out 200
at java.base@11.0.21/java.lang.Thread.sleep(Native Method)
at app//listenerInTestng.TestClass.Test3(TestClass.java:22)
at java.base@11.0.21/java.util.concurrent.FutureTask.run(FutureTask.java:264)
at java.base@11.0.21/java.util.concurrent.ThreadPoolExecutor.runWorker(ThreadPoolExecutor.java:1128)
at java.base@11.0.21/java.util.concurrent.ThreadPoolExecutor$Worker.run(ThreadPoolExecutor.java:628)
at java.base@11.0.21/java.lang.Thread.run(Thread.java:834)
... Removed 8 stack frames]]>
    </failure>
  </testcase> <!-- Test3 -->
  <testcase classname="listenerInTestng.TestClass" name="Test4" time="0.0">
    <skipped/>
  </testcase> <!-- Test4 -->
  <testcase classname="listenerInTestng.TestClass2" name="Test1" time="0.0"/>
  <testcase classname="listenerInTestng.TestClass2" name="Test2" time="0.0"/>
  <testcase classname="listenerInTestng.TestClass2" name="Test3" time="0.211">
    <failure type="org.testng.internal.thread.ThreadTimeoutException" message="Method listenerInTestng.TestClass2.Test3() didn&amp;apos;t finish within the time-out 200">
      <![CDATA[org.testng.internal.thread.ThreadTimeoutException: Method listenerInTestng.TestClass2.Test3() didn't finish within the time-out 200
at java.base@11.0.21/java.lang.Thread.sleep(Native Method)
at app//listenerInTestng.TestClass2.Test3(TestClass2.java:22)
at java.base@11.0.21/java.util.concurrent.FutureTask.run(FutureTask.java:264)
at java.base@11.0.21/java.util.concurrent.ThreadPoolExecutor.runWorker(ThreadPoolExecutor.java:1128)
at java.base@11.0.21/java.util.concurrent.ThreadPoolExecutor$Worker.run(ThreadPoolExecutor.java:628)
at java.base@11.0.21/java.lang.Thread.run(Thread.java:834)
... Removed 8 stack frames]]>
    </failure>
  </testcase> <!-- Test3 -->
  <testcase classname="listenerInTestng.TestClass2" name="Test4" time="0.0">
    <skipped/>
  </testcase> <!-- Test4 -->
  <testcase classname="testClass.LoginTest" name="loginPageTest" time="0.977"/>
  <testcase classname="testNGCode.DemoTest" name="login" time="2.452"/>
  <testcase classname="testNGCode.DemoTest" name="verifyLogin" time="0.029"/>
  <testcase classname="testNGCode.NewTest" name="f" time="0.0"/>
  <testcase classname="enableDesableInTestng.Test1" name="TC003" time="0.0">
    <ignored/>
  </testcase> <!-- TC003 -->
  <testcase classname="ignoreInTestng.IgnoreInTest" name="TC002" time="0.0">
    <ignored/>
  </testcase> <!-- TC002 -->
  <testcase classname="enableDesableInTestng.Test2" name="TC006" time="0.0">
    <ignored/>
  </testcase> <!-- TC006 -->
  <testcase classname="enableDesableInTestng.Test2" name="TC008" time="0.0">
    <ignored/>
  </testcase> <!-- TC008 -->
  <testcase classname="ignoreInTestng.IgnoreInTest" name="TC005" time="0.0">
    <ignored/>
  </testcase> <!-- TC005 -->
</testsuite> <!-- Surefire test -->
