<!DOCTYPE html PUBLIC "-//W3C//DTD XHTML 1.1//EN" "https://www.w3.org/TR/xhtml11/DTD/xhtml11.dtd">
<html xmlns="https://www.w3.org/1999/xhtml">
<head>
<meta http-equiv="content-type" content="text/html; charset=UTF-8"/>
<title>TestNG Report</title>
<style type="text/css">table {margin-bottom:10px;border-collapse:collapse;empty-cells:show}th,td {border:1px solid #009;padding:.25em .5em}th {vertical-align:bottom}td {vertical-align:top}table a {font-weight:bold}.stripe td {background-color: #E6EBF9}.num {text-align:right}.passedodd td {background-color: #3F3}.passedeven td {background-color: #0A0}.skippedodd td {background-color: #DDD}.skippedeven td {background-color: #CCC}.failedodd td,.attn {background-color: #F33}.failedeven td,.stripe .attn {background-color: #D00}.stacktrace {white-space:pre;font-family:monospace}.totop {font-size:85%;text-align:center;border-bottom:2px solid #000}.invisible {display:none}</style>
</head>
<body>
<table>
<tr><th>Test</th><th># Passed</th><th># Skipped</th><th># Retried</th><th># Failed</th><th>Time (ms)</th><th>Included Groups</th><th>Excluded Groups</th></tr>
<tr><th colspan="8">Surefire suite</th></tr>
<tr><td><a href="#t0">Surefire test</a></td><td class="num">28</td><td class="num attn">3</td><td class="num">0</td><td class="num attn">5</td><td class="num">88,130</td><td></td><td></td></tr>
</table>
<table id='summary'><thead><tr><th>Class</th><th>Method</th><th>Start</th><th>Time (ms)</th></tr></thead><tbody><tr><th colspan="4">Surefire suite</th></tr></tbody><tbody id="t0"><tr><th colspan="4">Surefire test &#8212; failed</th></tr><tr class="failedeven"><td rowspan="2">dataProviderInTestng.TestFireDataUser</td><td><a href="#m0">Login</a></td><td rowspan="2">1726298902726</td><td rowspan="2">5716</td></tr><tr class="failedeven"><td><a href="#m1">Login</a></td></tr><tr class="failedodd"><td rowspan="1">dependencyInTestng.ShipmentTest</td><td><a href="#m2">trackShipment</a></td><td rowspan="1">1726298931353</td><td rowspan="1">0</td></tr><tr class="failedeven"><td rowspan="1">listenerInTestng.TestClass</td><td><a href="#m3">Test3</a></td><td rowspan="1">1726298957333</td><td rowspan="1">216</td></tr><tr class="failedodd"><td rowspan="1">listenerInTestng.TestClass2</td><td><a href="#m4">Test3</a></td><td rowspan="1">1726298957551</td><td rowspan="1">211</td></tr><tr><th colspan="4">Surefire test &#8212; skipped</th></tr><tr class="skippedeven"><td rowspan="1">dependencyInTestng.ShipmentTest</td><td><a href="#m5">cancelShipment</a></td><td rowspan="1">1726298931355</td><td rowspan="1">0</td></tr><tr class="skippedodd"><td rowspan="1">listenerInTestng.TestClass</td><td><a href="#m6">Test4</a></td><td rowspan="1">1726298957550</td><td rowspan="1">0</td></tr><tr class="skippedeven"><td rowspan="1">listenerInTestng.TestClass2</td><td><a href="#m7">Test4</a></td><td rowspan="1">1726298957763</td><td rowspan="1">0</td></tr><tr><th colspan="4">Surefire test &#8212; passed</th></tr><tr class="passedeven"><td rowspan="1">dataProviderInTestng.TestFireDataUser</td><td><a href="#m8">Login</a></td><td rowspan="1">1726298902726</td><td rowspan="1">5601</td></tr><tr class="passedodd"><td rowspan="4">dataProviderInTestng.TestFireDataUserWithExcel</td><td><a href="#m9">Login</a></td><td rowspan="4">1726298925705</td><td rowspan="4">5640</td></tr><tr class="passedodd"><td><a href="#m10">Login</a></td></tr><tr class="passedodd"><td><a href="#m11">Login</a></td></tr><tr class="passedodd"><td><a href="#m12">Login</a></td></tr><tr class="passedeven"><td rowspan="1">dependencyInTestng.ShipmentTest</td><td><a href="#m13">createShipment</a></td><td rowspan="1">1726298931347</td><td rowspan="1">0</td></tr><tr class="passedodd"><td rowspan="4">enableDesableInTestng.Test1</td><td><a href="#m14">TC001</a></td><td rowspan="1">1726298931355</td><td rowspan="1">0</td></tr><tr class="passedodd"><td><a href="#m15">TC002</a></td><td rowspan="1">1726298931355</td><td rowspan="1">0</td></tr><tr class="passedodd"><td><a href="#m16">TC004</a></td><td rowspan="1">1726298931355</td><td rowspan="1">0</td></tr><tr class="passedodd"><td><a href="#m17">TC005</a></td><td rowspan="1">1726298931355</td><td rowspan="1">0</td></tr><tr class="passedeven"><td rowspan="3">enableDesableInTestng.Test2</td><td><a href="#m18">TC007</a></td><td rowspan="1">1726298931355</td><td rowspan="1">0</td></tr><tr class="passedeven"><td><a href="#m19">TC009</a></td><td rowspan="1">1726298931361</td><td rowspan="1">0</td></tr><tr class="passedeven"><td><a href="#m20">TC010</a></td><td rowspan="1">1726298931361</td><td rowspan="1">0</td></tr><tr class="passedodd"><td rowspan="1">extentReport.ExtentReportTest</td><td><a href="#m21">extentTest</a></td><td rowspan="1">1726298931363</td><td rowspan="1">733</td></tr><tr class="passedeven"><td rowspan="3">ignoreInTestng.IgnoreInTest</td><td><a href="#m22">TC001</a></td><td rowspan="1">1726298932096</td><td rowspan="1">0</td></tr><tr class="passedeven"><td><a href="#m23">TC003</a></td><td rowspan="1">1726298932096</td><td rowspan="1">4</td></tr><tr class="passedeven"><td><a href="#m24">TC004</a></td><td rowspan="1">1726298932100</td><td rowspan="1">0</td></tr><tr class="passedodd"><td rowspan="3">ignoreInTestng.ScenarioTest</td><td><a href="#m25">frame</a></td><td rowspan="1">1726298932102</td><td rowspan="1">14238</td></tr><tr class="passedodd"><td><a href="#m26">scroll</a></td><td rowspan="1">1726298946348</td><td rowspan="1">3564</td></tr><tr class="passedodd"><td><a href="#m27">windowhandle</a></td><td rowspan="1">1726298949912</td><td rowspan="1">7419</td></tr><tr class="passedeven"><td rowspan="2">listenerInTestng.TestClass</td><td><a href="#m28">Test1</a></td><td rowspan="1">1726298957331</td><td rowspan="1">0</td></tr><tr class="passedeven"><td><a href="#m29">Test2</a></td><td rowspan="1">1726298957331</td><td rowspan="1">2</td></tr><tr class="passedodd"><td rowspan="2">listenerInTestng.TestClass2</td><td><a href="#m30">Test1</a></td><td rowspan="1">1726298957551</td><td rowspan="1">0</td></tr><tr class="passedodd"><td><a href="#m31">Test2</a></td><td rowspan="1">1726298957551</td><td rowspan="1">0</td></tr><tr class="passedeven"><td rowspan="1">testClass.LoginTest</td><td><a href="#m32">loginPageTest</a></td><td rowspan="1">1726298957763</td><td rowspan="1">977</td></tr><tr class="passedodd"><td rowspan="2">testNGCode.DemoTest</td><td><a href="#m33">login</a></td><td rowspan="1">1726298958740</td><td rowspan="1">2452</td></tr><tr class="passedodd"><td><a href="#m34">verifyLogin</a></td><td rowspan="1">1726298961192</td><td rowspan="1">29</td></tr><tr class="passedeven"><td rowspan="1">testNGCode.NewTest</td><td><a href="#m35">f</a></td><td rowspan="1">1726298961221</td><td rowspan="1">0</td></tr></tbody>
</table>
<h2>Surefire test</h2><h3 id="m0">dataProviderInTestng.TestFireDataUser#Login</h3><table class="result"><tr class="param"><th>Parameter #1</th><th>Parameter #2</th></tr><tr class="param stripe"><td>jsmith4</td><td>demo1234</td></tr><tr><th colspan="2">Exception</th></tr><tr><td colspan="2"><div class="stacktrace">org.openqa.selenium.NoSuchElementException: no such element: Unable to locate element: {&quot;method&quot;:&quot;xpath&quot;,&quot;selector&quot;:&quot;//font[text()=&apos;Sign Off&apos;]&quot;}
  (Session info: chrome=128.0.6613.138)
For documentation on this error, please visit: https://www.selenium.dev/documentation/webdriver/troubleshooting/errors#no-such-element-exception
Build info: version: &apos;4.22.0&apos;, revision: &apos;c5f3146703*&apos;
System info: os.name: &apos;Windows 11&apos;, os.arch: &apos;amd64&apos;, os.version: &apos;10.0&apos;, java.version: &apos;11.0.21&apos;
Driver info: org.openqa.selenium.chrome.ChromeDriver
Command: [6935ccb5d68c7b23d7fe03dfdd387ea9, findElement {using=xpath, value=//font[text()=&apos;Sign Off&apos;]}]
Capabilities {acceptInsecureCerts: false, browserName: chrome, browserVersion: 128.0.6613.138, chrome: {chromedriverVersion: 128.0.6613.137 (fe621c5aa2d..., userDataDir: C:\WINDOWS\SystemTemp\scope...}, fedcm:accounts: true, goog:chromeOptions: {debuggerAddress: localhost:58652}, networkConnectionEnabled: false, pageLoadStrategy: normal, platformName: windows, proxy: Proxy(), se:cdp: ws://localhost:58652/devtoo..., se:cdpVersion: 128.0.6613.138, setWindowRect: true, strictFileInteractability: false, timeouts: {implicit: 0, pageLoad: 300000, script: 30000}, unhandledPromptBehavior: dismiss and notify, webauthn:extension:credBlob: true, webauthn:extension:largeBlob: true, webauthn:extension:minPinLength: true, webauthn:extension:prf: true, webauthn:virtualAuthenticators: true}
Session ID: 6935ccb5d68c7b23d7fe03dfdd387ea9
	at org.openqa.selenium.remote.ErrorCodec.decode(ErrorCodec.java:167)
	at org.openqa.selenium.remote.codec.w3c.W3CHttpResponseCodec.decode(W3CHttpResponseCodec.java:138)
	at org.openqa.selenium.remote.codec.w3c.W3CHttpResponseCodec.decode(W3CHttpResponseCodec.java:50)
	at org.openqa.selenium.remote.HttpCommandExecutor.execute(HttpCommandExecutor.java:190)
	at org.openqa.selenium.remote.service.DriverCommandExecutor.invokeExecute(DriverCommandExecutor.java:216)
	at org.openqa.selenium.remote.service.DriverCommandExecutor.execute(DriverCommandExecutor.java:174)
	at org.openqa.selenium.remote.RemoteWebDriver.execute(RemoteWebDriver.java:518)
	at org.openqa.selenium.remote.ElementLocation$ElementFinder$2.findElement(ElementLocation.java:165)
	at org.openqa.selenium.remote.ElementLocation.findElement(ElementLocation.java:59)
	at org.openqa.selenium.remote.RemoteWebDriver.findElement(RemoteWebDriver.java:355)
	at org.openqa.selenium.remote.RemoteWebDriver.findElement(RemoteWebDriver.java:349)
	at dataProviderInTestng.TestFireDataUser.Login(TestFireDataUser.java:23)
	at java.base/java.util.concurrent.FutureTask.run(FutureTask.java:264)
	at java.base/java.util.concurrent.Executors$RunnableAdapter.call(Executors.java:515)
	at java.base/java.util.concurrent.FutureTask.run(FutureTask.java:264)
	at java.base/java.util.concurrent.ThreadPoolExecutor.runWorker(ThreadPoolExecutor.java:1128)
	at java.base/java.util.concurrent.ThreadPoolExecutor$Worker.run(ThreadPoolExecutor.java:628)
	at java.base/java.lang.Thread.run(Thread.java:834)
... Removed 13 stack frames</div></td></tr></table><p class="totop"><a href="#summary">back to summary</a></p>
<h3 id="m1">dataProviderInTestng.TestFireDataUser#Login</h3><table class="result"><tr class="param"><th>Parameter #1</th><th>Parameter #2</th></tr><tr class="param stripe"><td>jsmithh2</td><td>demo12</td></tr><tr><th colspan="2">Exception</th></tr><tr><td colspan="2"><div class="stacktrace">org.openqa.selenium.NoSuchElementException: no such element: Unable to locate element: {&quot;method&quot;:&quot;xpath&quot;,&quot;selector&quot;:&quot;//font[text()=&apos;Sign Off&apos;]&quot;}
  (Session info: chrome=128.0.6613.138)
For documentation on this error, please visit: https://www.selenium.dev/documentation/webdriver/troubleshooting/errors#no-such-element-exception
Build info: version: &apos;4.22.0&apos;, revision: &apos;c5f3146703*&apos;
System info: os.name: &apos;Windows 11&apos;, os.arch: &apos;amd64&apos;, os.version: &apos;10.0&apos;, java.version: &apos;11.0.21&apos;
Driver info: org.openqa.selenium.chrome.ChromeDriver
Command: [0354915c2ca2bf97503448252d8adbb5, findElement {using=xpath, value=//font[text()=&apos;Sign Off&apos;]}]
Capabilities {acceptInsecureCerts: false, browserName: chrome, browserVersion: 128.0.6613.138, chrome: {chromedriverVersion: 128.0.6613.137 (fe621c5aa2d..., userDataDir: C:\WINDOWS\SystemTemp\scope...}, fedcm:accounts: true, goog:chromeOptions: {debuggerAddress: localhost:58651}, networkConnectionEnabled: false, pageLoadStrategy: normal, platformName: windows, proxy: Proxy(), se:cdp: ws://localhost:58651/devtoo..., se:cdpVersion: 128.0.6613.138, setWindowRect: true, strictFileInteractability: false, timeouts: {implicit: 0, pageLoad: 300000, script: 30000}, unhandledPromptBehavior: dismiss and notify, webauthn:extension:credBlob: true, webauthn:extension:largeBlob: true, webauthn:extension:minPinLength: true, webauthn:extension:prf: true, webauthn:virtualAuthenticators: true}
Session ID: 0354915c2ca2bf97503448252d8adbb5
	at org.openqa.selenium.remote.ErrorCodec.decode(ErrorCodec.java:167)
	at org.openqa.selenium.remote.codec.w3c.W3CHttpResponseCodec.decode(W3CHttpResponseCodec.java:138)
	at org.openqa.selenium.remote.codec.w3c.W3CHttpResponseCodec.decode(W3CHttpResponseCodec.java:50)
	at org.openqa.selenium.remote.HttpCommandExecutor.execute(HttpCommandExecutor.java:190)
	at org.openqa.selenium.remote.service.DriverCommandExecutor.invokeExecute(DriverCommandExecutor.java:216)
	at org.openqa.selenium.remote.service.DriverCommandExecutor.execute(DriverCommandExecutor.java:174)
	at org.openqa.selenium.remote.RemoteWebDriver.execute(RemoteWebDriver.java:518)
	at org.openqa.selenium.remote.ElementLocation$ElementFinder$2.findElement(ElementLocation.java:165)
	at org.openqa.selenium.remote.ElementLocation.findElement(ElementLocation.java:59)
	at org.openqa.selenium.remote.RemoteWebDriver.findElement(RemoteWebDriver.java:355)
	at org.openqa.selenium.remote.RemoteWebDriver.findElement(RemoteWebDriver.java:349)
	at dataProviderInTestng.TestFireDataUser.Login(TestFireDataUser.java:23)
	at java.base/java.util.concurrent.FutureTask.run(FutureTask.java:264)
	at java.base/java.util.concurrent.Executors$RunnableAdapter.call(Executors.java:515)
	at java.base/java.util.concurrent.FutureTask.run(FutureTask.java:264)
	at java.base/java.util.concurrent.ThreadPoolExecutor.runWorker(ThreadPoolExecutor.java:1128)
	at java.base/java.util.concurrent.ThreadPoolExecutor$Worker.run(ThreadPoolExecutor.java:628)
	at java.base/java.lang.Thread.run(Thread.java:834)
... Removed 13 stack frames</div></td></tr></table><p class="totop"><a href="#summary">back to summary</a></p>
<h3 id="m2">dependencyInTestng.ShipmentTest#trackShipment</h3><table class="result"><tr><th>Exception</th></tr><tr><td><div class="stacktrace">java.lang.ArithmeticException: / by zero
	at dependencyInTestng.ShipmentTest.trackShipment(ShipmentTest.java:16)
	at java.base/java.util.ArrayList.forEach(ArrayList.java:1541)
... Removed 32 stack frames</div></td></tr></table><p class="totop"><a href="#summary">back to summary</a></p>
<h3 id="m3">listenerInTestng.TestClass#Test3</h3><table class="result"><tr><th>Exception</th></tr><tr><td><div class="stacktrace">org.testng.internal.thread.ThreadTimeoutException: Method listenerInTestng.TestClass.Test3() didn&apos;t finish within the time-out 200
	at java.base@11.0.21/java.lang.Thread.sleep(Native Method)
	at app//listenerInTestng.TestClass.Test3(TestClass.java:22)
	at java.base@11.0.21/java.util.concurrent.FutureTask.run(FutureTask.java:264)
	at java.base@11.0.21/java.util.concurrent.ThreadPoolExecutor.runWorker(ThreadPoolExecutor.java:1128)
	at java.base@11.0.21/java.util.concurrent.ThreadPoolExecutor$Worker.run(ThreadPoolExecutor.java:628)
	at java.base@11.0.21/java.lang.Thread.run(Thread.java:834)
... Removed 8 stack frames</div></td></tr></table><p class="totop"><a href="#summary">back to summary</a></p>
<h3 id="m4">listenerInTestng.TestClass2#Test3</h3><table class="result"><tr><th>Exception</th></tr><tr><td><div class="stacktrace">org.testng.internal.thread.ThreadTimeoutException: Method listenerInTestng.TestClass2.Test3() didn&apos;t finish within the time-out 200
	at java.base@11.0.21/java.lang.Thread.sleep(Native Method)
	at app//listenerInTestng.TestClass2.Test3(TestClass2.java:22)
	at java.base@11.0.21/java.util.concurrent.FutureTask.run(FutureTask.java:264)
	at java.base@11.0.21/java.util.concurrent.ThreadPoolExecutor.runWorker(ThreadPoolExecutor.java:1128)
	at java.base@11.0.21/java.util.concurrent.ThreadPoolExecutor$Worker.run(ThreadPoolExecutor.java:628)
	at java.base@11.0.21/java.lang.Thread.run(Thread.java:834)
... Removed 8 stack frames</div></td></tr></table><p class="totop"><a href="#summary">back to summary</a></p>
<h3 id="m5">dependencyInTestng.ShipmentTest#cancelShipment</h3><table class="result"><tr><th>Exception</th></tr><tr><td><div class="stacktrace">java.lang.Throwable: Method ShipmentTest.cancelShipment()[pri:0, instance:dependencyInTestng.ShipmentTest@2177849e] depends on not successfully finished methods
	at java.base/java.util.ArrayList.forEach(ArrayList.java:1541)
... Removed 23 stack frames</div></td></tr></table><p class="totop"><a href="#summary">back to summary</a></p>
<h3 id="m6">listenerInTestng.TestClass#Test4</h3><table class="result"><tr><th>Exception</th></tr><tr><td><div class="stacktrace">java.lang.Throwable: Method TestClass.Test4()[pri:4, instance:listenerInTestng.TestClass@3738449f] depends on not successfully finished methods
	at java.base/java.util.ArrayList.forEach(ArrayList.java:1541)
... Removed 23 stack frames</div></td></tr></table><p class="totop"><a href="#summary">back to summary</a></p>
<h3 id="m7">listenerInTestng.TestClass2#Test4</h3><table class="result"><tr><th>Exception</th></tr><tr><td><div class="stacktrace">java.lang.Throwable: Method TestClass2.Test4()[pri:4, instance:listenerInTestng.TestClass2@69e1dd28] depends on not successfully finished methods
	at java.base/java.util.ArrayList.forEach(ArrayList.java:1541)
... Removed 23 stack frames</div></td></tr></table><p class="totop"><a href="#summary">back to summary</a></p>
<h3 id="m8">dataProviderInTestng.TestFireDataUser#Login</h3><table class="result"><tr class="param"><th>Parameter #1</th><th>Parameter #2</th></tr><tr class="param stripe"><td>jsmith</td><td>demo1234</td></tr></table><p class="totop"><a href="#summary">back to summary</a></p>
<h3 id="m9">dataProviderInTestng.TestFireDataUserWithExcel#Login</h3><table class="result"><tr class="param"><th>Parameter #1</th><th>Parameter #2</th></tr><tr class="param stripe"><td>jsmith</td><td>demo1234</td></tr></table><p class="totop"><a href="#summary">back to summary</a></p>
<h3 id="m10">dataProviderInTestng.TestFireDataUserWithExcel#Login</h3><table class="result"><tr class="param"><th>Parameter #1</th><th>Parameter #2</th></tr><tr class="param stripe"><td>jsmithw</td><td>demo123</td></tr></table><p class="totop"><a href="#summary">back to summary</a></p>
<h3 id="m11">dataProviderInTestng.TestFireDataUserWithExcel#Login</h3><table class="result"><tr class="param"><th>Parameter #1</th><th>Parameter #2</th></tr><tr class="param stripe"><td>jsmith</td><td>demo</td></tr></table><p class="totop"><a href="#summary">back to summary</a></p>
<h3 id="m12">dataProviderInTestng.TestFireDataUserWithExcel#Login</h3><table class="result"><tr class="param"><th>Parameter #1</th><th>Parameter #2</th></tr><tr class="param stripe"><td>js</td><td>demo</td></tr></table><p class="totop"><a href="#summary">back to summary</a></p>
<h3 id="m13">dependencyInTestng.ShipmentTest#createShipment</h3><table class="result"><tr><th class="invisible"/></tr></table><p class="totop"><a href="#summary">back to summary</a></p>
<h3 id="m14">enableDesableInTestng.Test1#TC001</h3><table class="result"><tr><th class="invisible"/></tr></table><p class="totop"><a href="#summary">back to summary</a></p>
<h3 id="m15">enableDesableInTestng.Test1#TC002</h3><table class="result"><tr><th class="invisible"/></tr></table><p class="totop"><a href="#summary">back to summary</a></p>
<h3 id="m16">enableDesableInTestng.Test1#TC004</h3><table class="result"><tr><th class="invisible"/></tr></table><p class="totop"><a href="#summary">back to summary</a></p>
<h3 id="m17">enableDesableInTestng.Test1#TC005</h3><table class="result"><tr><th class="invisible"/></tr></table><p class="totop"><a href="#summary">back to summary</a></p>
<h3 id="m18">enableDesableInTestng.Test2#TC007</h3><table class="result"><tr><th class="invisible"/></tr></table><p class="totop"><a href="#summary">back to summary</a></p>
<h3 id="m19">enableDesableInTestng.Test2#TC009</h3><table class="result"><tr><th class="invisible"/></tr></table><p class="totop"><a href="#summary">back to summary</a></p>
<h3 id="m20">enableDesableInTestng.Test2#TC010</h3><table class="result"><tr><th class="invisible"/></tr></table><p class="totop"><a href="#summary">back to summary</a></p>
<h3 id="m21">extentReport.ExtentReportTest#extentTest</h3><table class="result"><tr><th class="invisible"/></tr></table><p class="totop"><a href="#summary">back to summary</a></p>
<h3 id="m22">ignoreInTestng.IgnoreInTest#TC001</h3><table class="result"><tr><th class="invisible"/></tr></table><p class="totop"><a href="#summary">back to summary</a></p>
<h3 id="m23">ignoreInTestng.IgnoreInTest#TC003</h3><table class="result"><tr><th class="invisible"/></tr></table><p class="totop"><a href="#summary">back to summary</a></p>
<h3 id="m24">ignoreInTestng.IgnoreInTest#TC004</h3><table class="result"><tr><th class="invisible"/></tr></table><p class="totop"><a href="#summary">back to summary</a></p>
<h3 id="m25">ignoreInTestng.ScenarioTest#frame</h3><table class="result"><tr><th class="invisible"/></tr></table><p class="totop"><a href="#summary">back to summary</a></p>
<h3 id="m26">ignoreInTestng.ScenarioTest#scroll</h3><table class="result"><tr><th class="invisible"/></tr></table><p class="totop"><a href="#summary">back to summary</a></p>
<h3 id="m27">ignoreInTestng.ScenarioTest#windowhandle</h3><table class="result"><tr><th class="invisible"/></tr></table><p class="totop"><a href="#summary">back to summary</a></p>
<h3 id="m28">listenerInTestng.TestClass#Test1</h3><table class="result"><tr><th class="invisible"/></tr></table><p class="totop"><a href="#summary">back to summary</a></p>
<h3 id="m29">listenerInTestng.TestClass#Test2</h3><table class="result"><tr><th class="invisible"/></tr></table><p class="totop"><a href="#summary">back to summary</a></p>
<h3 id="m30">listenerInTestng.TestClass2#Test1</h3><table class="result"><tr><th class="invisible"/></tr></table><p class="totop"><a href="#summary">back to summary</a></p>
<h3 id="m31">listenerInTestng.TestClass2#Test2</h3><table class="result"><tr><th class="invisible"/></tr></table><p class="totop"><a href="#summary">back to summary</a></p>
<h3 id="m32">testClass.LoginTest#loginPageTest</h3><table class="result"><tr><th class="invisible"/></tr></table><p class="totop"><a href="#summary">back to summary</a></p>
<h3 id="m33">testNGCode.DemoTest#login</h3><table class="result"><tr><th class="invisible"/></tr></table><p class="totop"><a href="#summary">back to summary</a></p>
<h3 id="m34">testNGCode.DemoTest#verifyLogin</h3><table class="result"><tr><th class="invisible"/></tr></table><p class="totop"><a href="#summary">back to summary</a></p>
<h3 id="m35">testNGCode.NewTest#f</h3><table class="result"><tr><th class="invisible"/></tr></table><p class="totop"><a href="#summary">back to summary</a></p>
</body>
</html>
